<?xml version="1.0" encoding="UTF-8"?>
<!-- Generated by org.testng.reporters.JUnitReportReporter -->
<testsuite hostname="SANTOSH" failures="0" tests="1" name="CrossBrowsingTest.CrossbrowsingTesting" time="1.180" errors="0" timestamp="2024-03-24T06:37:48 IST" skipped="0">
  <testcase classname="CrossBrowsingTest.CrossbrowsingTesting" name="verifyTitle" time="1.180"/>
  <system-out/>
</testsuite> <!-- CrossBrowsingTest.CrossbrowsingTesting -->
